<?xml version="1.0" encoding="UTF-8"?>
<!-- Generated by org.testng.reporters.JUnitXMLReporter -->
<testsuite hostname="NODLTP52133356" ignored="0" name="Test2" tests="1" failures="1" timestamp="30 May 2021 17:07:14 GMT" time="0.017" errors="0">
  <testcase name="validateTitle" time="0.0" classname="TestNG.TestCase2">
    <failure type="java.lang.AssertionError" message="The following asserts failed:
	expected [PatentBuddy.com] but found [gmail.com],
	Validation is failed expected [true] but found [false],
	Failing">
      <![CDATA[java.lang.AssertionError: The following asserts failed:
	expected [PatentBuddy.com] but found [gmail.com],
	Validation is failed expected [true] but found [false],
	Failing
	at TestNG.TestCase2.validateTitle(TestCase2.java:30)
... Removed 26 stack frames]]>
    </failure>
  </testcase> <!-- validateTitle -->
</testsuite> <!-- Test2 -->
